<?xml version="1.0" encoding="UTF-8"?>
<testsuite name="com.spring.webservice.domain.posts.PostRepositoryTest" tests="2" skipped="0" failures="0" errors="0" timestamp="2022-02-23T06:27:41" hostname="iron-pc.local" time="0.025">
  <properties/>
  <testcase name="생성, 수정시간 확인" classname="com.spring.webservice.domain.posts.PostRepositoryTest" time="0.018"/>
  <testcase name="게시글 저장 및 불러오기" classname="com.spring.webservice.domain.posts.PostRepositoryTest" time="0.007"/>
  <system-out><![CDATA[2022-02-23 15:27:35.970  INFO 22087 --- [    Test worker] .b.t.c.SpringBootTestContextBootstrapper : Neither @ContextConfiguration nor @ContextHierarchy found for test class [com.spring.webservice.domain.posts.PostRepositoryTest], using SpringBootContextLoader
2022-02-23 15:27:35.971  INFO 22087 --- [    Test worker] o.s.t.c.support.AbstractContextLoader    : Could not detect default resource locations for test class [com.spring.webservice.domain.posts.PostRepositoryTest]: no resource found for suffixes {-context.xml, Context.groovy}.
2022-02-23 15:27:35.971  INFO 22087 --- [    Test worker] t.c.s.AnnotationConfigContextLoaderUtils : Could not detect default configuration classes for test class [com.spring.webservice.domain.posts.PostRepositoryTest]: PostRepositoryTest does not declare any static, non-private, non-final, nested classes annotated with @Configuration.
2022-02-23 15:27:35.977  INFO 22087 --- [    Test worker] .b.t.c.SpringBootTestContextBootstrapper : Found @SpringBootConfiguration com.spring.webservice.Application for test class com.spring.webservice.domain.posts.PostRepositoryTest
2022-02-23 15:27:35.978  INFO 22087 --- [    Test worker] .b.t.c.SpringBootTestContextBootstrapper : Loaded default TestExecutionListener class names from location [META-INF/spring.factories]: [org.springframework.security.test.context.support.WithSecurityContextTestExecutionListener, org.springframework.security.test.context.support.ReactorContextTestExecutionListener, org.springframework.boot.test.autoconfigure.restdocs.RestDocsTestExecutionListener, org.springframework.boot.test.autoconfigure.web.client.MockRestServiceServerResetTestExecutionListener, org.springframework.boot.test.autoconfigure.web.servlet.MockMvcPrintOnlyOnFailureTestExecutionListener, org.springframework.boot.test.autoconfigure.web.servlet.WebDriverTestExecutionListener, org.springframework.boot.test.autoconfigure.webservices.client.MockWebServiceServerTestExecutionListener, org.springframework.boot.test.mock.mockito.MockitoTestExecutionListener, org.springframework.boot.test.mock.mockito.ResetMocksTestExecutionListener, org.springframework.test.context.web.ServletTestExecutionListener, org.springframework.test.context.support.DirtiesContextBeforeModesTestExecutionListener, org.springframework.test.context.support.DependencyInjectionTestExecutionListener, org.springframework.test.context.support.DirtiesContextTestExecutionListener, org.springframework.test.context.transaction.TransactionalTestExecutionListener, org.springframework.test.context.jdbc.SqlScriptsTestExecutionListener, org.springframework.test.context.event.EventPublishingTestExecutionListener]
2022-02-23 15:27:35.979  INFO 22087 --- [    Test worker] .b.t.c.SpringBootTestContextBootstrapper : Using TestExecutionListeners: [org.springframework.test.context.web.ServletTestExecutionListener@1f54672, org.springframework.test.context.support.DirtiesContextBeforeModesTestExecutionListener@77d19c8, org.springframework.boot.test.mock.mockito.MockitoTestExecutionListener@48f21399, org.springframework.boot.test.autoconfigure.SpringBootDependencyInjectionTestExecutionListener@7d5095c1, org.springframework.test.context.support.DirtiesContextTestExecutionListener@563d9acf, org.springframework.test.context.transaction.TransactionalTestExecutionListener@39e17a99, org.springframework.test.context.jdbc.SqlScriptsTestExecutionListener@6157c8e7, org.springframework.security.test.context.support.WithSecurityContextTestExecutionListener@18d0b791, org.springframework.test.context.event.EventPublishingTestExecutionListener@2281ada6, org.springframework.security.test.context.support.ReactorContextTestExecutionListener@10862edd, org.springframework.boot.test.autoconfigure.restdocs.RestDocsTestExecutionListener@4fc9ccda, org.springframework.boot.test.autoconfigure.web.client.MockRestServiceServerResetTestExecutionListener@52b8968d, org.springframework.boot.test.autoconfigure.web.servlet.MockMvcPrintOnlyOnFailureTestExecutionListener@7d7bede1, org.springframework.boot.test.autoconfigure.web.servlet.WebDriverTestExecutionListener@5caad455, org.springframework.boot.test.autoconfigure.webservices.client.MockWebServiceServerTestExecutionListener@5d046c06, org.springframework.boot.test.mock.mockito.ResetMocksTestExecutionListener@4b9e95d5]

  .   ____          _            __ _ _
 /\\ / ___'_ __ _ _(_)_ __  __ _ \ \ \ \
( ( )\___ | '_ | '_| | '_ \/ _` | \ \ \ \
 \\/  ___)| |_)| | | | | || (_| |  ) ) ) )
  '  |____| .__|_| |_|_| |_\__, | / / / /
 =========|_|==============|___/=/_/_/_/
 :: Spring Boot ::                (v2.4.1)

2022-02-23 15:27:40.997  INFO 22087 --- [    Test worker] c.s.w.domain.posts.PostRepositoryTest    : Starting PostRepositoryTest using Java 11.0.11 on iron-pc.local with PID 22087 (started by kakao in /Users/kakao/Desktop/study-spring/webservice)
2022-02-23 15:27:40.998  INFO 22087 --- [    Test worker] c.s.w.domain.posts.PostRepositoryTest    : No active profile set, falling back to default profiles: default
2022-02-23 15:27:41.145  INFO 22087 --- [    Test worker] .s.d.r.c.RepositoryConfigurationDelegate : Bootstrapping Spring Data JPA repositories in DEFAULT mode.
2022-02-23 15:27:41.155  INFO 22087 --- [    Test worker] .s.d.r.c.RepositoryConfigurationDelegate : Finished Spring Data repository scanning in 9 ms. Found 2 JPA repository interfaces.
2022-02-23 15:27:41.250  INFO 22087 --- [    Test worker] com.zaxxer.hikari.HikariDataSource       : HikariPool-2 - Starting...
2022-02-23 15:27:41.250  INFO 22087 --- [    Test worker] com.zaxxer.hikari.HikariDataSource       : HikariPool-2 - Start completed.
2022-02-23 15:27:41.260  INFO 22087 --- [    Test worker] o.hibernate.jpa.internal.util.LogHelper  : HHH000204: Processing PersistenceUnitInfo [name: default]
2022-02-23 15:27:41.264  INFO 22087 --- [    Test worker] org.hibernate.dialect.Dialect            : HHH000400: Using dialect: org.hibernate.dialect.MySQL57Dialect
Hibernate: drop table if exists posts
Hibernate: drop table if exists user
Hibernate: create table posts (id bigint not null auto_increment, created_date datetime(6), modified_date datetime(6), author varchar(255), content TEXT not null, title varchar(500) not null, primary key (id)) engine=InnoDB
Hibernate: create table user (id bigint not null auto_increment, created_date datetime(6), modified_date datetime(6), email varchar(255) not null, name varchar(255) not null, picture varchar(255), role varchar(255) not null, primary key (id)) engine=InnoDB
2022-02-23 15:27:41.302  INFO 22087 --- [    Test worker] o.h.e.t.j.p.i.JtaPlatformInitiator       : HHH000490: Using JtaPlatform implementation: [org.hibernate.engine.transaction.jta.platform.internal.NoJtaPlatform]
2022-02-23 15:27:41.302  INFO 22087 --- [    Test worker] j.LocalContainerEntityManagerFactoryBean : Initialized JPA EntityManagerFactory for persistence unit 'default'
2022-02-23 15:27:41.381  WARN 22087 --- [    Test worker] JpaBaseConfiguration$JpaWebConfiguration : spring.jpa.open-in-view is enabled by default. Therefore, database queries may be performed during view rendering. Explicitly configure spring.jpa.open-in-view to disable this warning
2022-02-23 15:27:41.494  INFO 22087 --- [    Test worker] o.s.s.web.DefaultSecurityFilterChain     : Will secure any request with [org.springframework.security.web.context.request.async.WebAsyncManagerIntegrationFilter@5916c168, org.springframework.security.web.context.SecurityContextPersistenceFilter@4b36abf2, org.springframework.security.web.header.HeaderWriterFilter@52d78aa9, org.springframework.security.web.authentication.logout.LogoutFilter@10fea412, org.springframework.security.oauth2.client.web.OAuth2AuthorizationRequestRedirectFilter@143e176e, org.springframework.security.oauth2.client.web.OAuth2LoginAuthenticationFilter@488ffdee, org.springframework.security.web.authentication.ui.DefaultLoginPageGeneratingFilter@74c5b9d7, org.springframework.security.web.authentication.ui.DefaultLogoutPageGeneratingFilter@31052aba, org.springframework.security.web.savedrequest.RequestCacheAwareFilter@23073638, org.springframework.security.web.servletapi.SecurityContextHolderAwareRequestFilter@4deb6233, org.springframework.security.web.authentication.AnonymousAuthenticationFilter@55e4ce93, org.springframework.security.web.session.SessionManagementFilter@64bbb58c, org.springframework.security.web.access.ExceptionTranslationFilter@7af25571, org.springframework.security.web.access.intercept.FilterSecurityInterceptor@6e60c36b]
2022-02-23 15:27:41.596  INFO 22087 --- [    Test worker] o.s.s.concurrent.ThreadPoolTaskExecutor  : Initializing ExecutorService 'applicationTaskExecutor'
2022-02-23 15:27:41.605  INFO 22087 --- [    Test worker] o.s.b.a.h2.H2ConsoleAutoConfiguration    : H2 console available at '/h2-console'. Database available at 'jdbc:h2:mem:testdb'
2022-02-23 15:27:41.619  INFO 22087 --- [    Test worker] o.s.b.a.w.s.WelcomePageHandlerMapping    : Adding welcome page template: index
2022-02-23 15:27:41.777  INFO 22087 --- [    Test worker] s.a.ScheduledAnnotationBeanPostProcessor : No TaskScheduler/ScheduledExecutorService bean found for scheduled processing
2022-02-23 15:27:41.778  INFO 22087 --- [    Test worker] c.s.w.domain.posts.PostRepositoryTest    : Started PostRepositoryTest in 5.797 seconds (JVM running for 17.296)
Hibernate: insert into posts (created_date, modified_date, author, content, title) values (?, ?, ?, ?, ?)
Hibernate: select posts0_.id as id1_0_, posts0_.created_date as created_2_0_, posts0_.modified_date as modified3_0_, posts0_.author as author4_0_, posts0_.content as content5_0_, posts0_.title as title6_0_ from posts posts0_
Hibernate: select posts0_.id as id1_0_, posts0_.created_date as created_2_0_, posts0_.modified_date as modified3_0_, posts0_.author as author4_0_, posts0_.content as content5_0_, posts0_.title as title6_0_ from posts posts0_
Hibernate: delete from posts where id=?
Hibernate: insert into posts (created_date, modified_date, author, content, title) values (?, ?, ?, ?, ?)
Hibernate: select posts0_.id as id1_0_, posts0_.created_date as created_2_0_, posts0_.modified_date as modified3_0_, posts0_.author as author4_0_, posts0_.content as content5_0_, posts0_.title as title6_0_ from posts posts0_
Hibernate: select posts0_.id as id1_0_, posts0_.created_date as created_2_0_, posts0_.modified_date as modified3_0_, posts0_.author as author4_0_, posts0_.content as content5_0_, posts0_.title as title6_0_ from posts posts0_
Hibernate: delete from posts where id=?
]]></system-out>
  <system-err><![CDATA[]]></system-err>
</testsuite>
