<?xml version="1.0" encoding="UTF-8"?>
<testsuite name="com.spring.webservice.web.dto.HelloResponseDtoTest" tests="1" skipped="0" failures="0" errors="0" timestamp="2022-02-23T06:27:32" hostname="iron-pc.local" time="0.043">
  <properties/>
  <testcase name="lombokFuncTest()" classname="com.spring.webservice.web.dto.HelloResponseDtoTest" time="0.043"/>
  <system-out><![CDATA[]]></system-out>
  <system-err><![CDATA[]]></system-err>
</testsuite>
