<?xml version="1.0" encoding="UTF-8"?>
<testsuite name="com.spring.webservice.web.HelloControllerTest" tests="2" skipped="0" failures="0" errors="0" timestamp="2022-02-23T06:27:32" hostname="iron-pc.local" time="0.403">
  <properties/>
  <testcase name="helloDto" classname="com.spring.webservice.web.HelloControllerTest" time="0.394"/>
  <testcase name="hello가 리턴" classname="com.spring.webservice.web.HelloControllerTest" time="0.007"/>
  <system-out><![CDATA[15:27:25.133 [Test worker] DEBUG org.springframework.test.context.BootstrapUtils - Instantiating CacheAwareContextLoaderDelegate from class [org.springframework.test.context.cache.DefaultCacheAwareContextLoaderDelegate]
15:27:25.141 [Test worker] DEBUG org.springframework.test.context.BootstrapUtils - Instantiating BootstrapContext using constructor [public org.springframework.test.context.support.DefaultBootstrapContext(java.lang.Class,org.springframework.test.context.CacheAwareContextLoaderDelegate)]
15:27:25.168 [Test worker] DEBUG org.springframework.test.context.BootstrapUtils - Instantiating TestContextBootstrapper for test class [com.spring.webservice.web.HelloControllerTest] from class [org.springframework.boot.test.autoconfigure.web.servlet.WebMvcTestContextBootstrapper]
15:27:25.176 [Test worker] INFO org.springframework.boot.test.autoconfigure.web.servlet.WebMvcTestContextBootstrapper - Neither @ContextConfiguration nor @ContextHierarchy found for test class [com.spring.webservice.web.HelloControllerTest], using SpringBootContextLoader
15:27:25.178 [Test worker] DEBUG org.springframework.test.context.support.AbstractContextLoader - Did not detect default resource location for test class [com.spring.webservice.web.HelloControllerTest]: class path resource [com/spring/webservice/web/HelloControllerTest-context.xml] does not exist
15:27:25.179 [Test worker] DEBUG org.springframework.test.context.support.AbstractContextLoader - Did not detect default resource location for test class [com.spring.webservice.web.HelloControllerTest]: class path resource [com/spring/webservice/web/HelloControllerTestContext.groovy] does not exist
15:27:25.179 [Test worker] INFO org.springframework.test.context.support.AbstractContextLoader - Could not detect default resource locations for test class [com.spring.webservice.web.HelloControllerTest]: no resource found for suffixes {-context.xml, Context.groovy}.
15:27:25.180 [Test worker] INFO org.springframework.test.context.support.AnnotationConfigContextLoaderUtils - Could not detect default configuration classes for test class [com.spring.webservice.web.HelloControllerTest]: HelloControllerTest does not declare any static, non-private, non-final, nested classes annotated with @Configuration.
15:27:25.231 [Test worker] DEBUG org.springframework.test.context.support.ActiveProfilesUtils - Could not find an 'annotation declaring class' for annotation type [org.springframework.test.context.ActiveProfiles] and class [com.spring.webservice.web.HelloControllerTest]
15:27:25.276 [Test worker] DEBUG org.springframework.context.annotation.ClassPathScanningCandidateComponentProvider - Identified candidate component class: file [/Users/kakao/Desktop/study-spring/webservice/build/classes/java/main/com/spring/webservice/Application.class]
15:27:25.276 [Test worker] INFO org.springframework.boot.test.context.SpringBootTestContextBootstrapper - Found @SpringBootConfiguration com.spring.webservice.Application for test class com.spring.webservice.web.HelloControllerTest
15:27:25.279 [Test worker] DEBUG org.springframework.boot.test.autoconfigure.web.servlet.WebMvcTestContextBootstrapper - @TestExecutionListeners is not present for class [com.spring.webservice.web.HelloControllerTest]: using defaults.
15:27:25.279 [Test worker] INFO org.springframework.boot.test.autoconfigure.web.servlet.WebMvcTestContextBootstrapper - Loaded default TestExecutionListener class names from location [META-INF/spring.factories]: [org.springframework.security.test.context.support.WithSecurityContextTestExecutionListener, org.springframework.security.test.context.support.ReactorContextTestExecutionListener, org.springframework.boot.test.autoconfigure.restdocs.RestDocsTestExecutionListener, org.springframework.boot.test.autoconfigure.web.client.MockRestServiceServerResetTestExecutionListener, org.springframework.boot.test.autoconfigure.web.servlet.MockMvcPrintOnlyOnFailureTestExecutionListener, org.springframework.boot.test.autoconfigure.web.servlet.WebDriverTestExecutionListener, org.springframework.boot.test.autoconfigure.webservices.client.MockWebServiceServerTestExecutionListener, org.springframework.boot.test.mock.mockito.MockitoTestExecutionListener, org.springframework.boot.test.mock.mockito.ResetMocksTestExecutionListener, org.springframework.test.context.web.ServletTestExecutionListener, org.springframework.test.context.support.DirtiesContextBeforeModesTestExecutionListener, org.springframework.test.context.support.DependencyInjectionTestExecutionListener, org.springframework.test.context.support.DirtiesContextTestExecutionListener, org.springframework.test.context.transaction.TransactionalTestExecutionListener, org.springframework.test.context.jdbc.SqlScriptsTestExecutionListener, org.springframework.test.context.event.EventPublishingTestExecutionListener]
15:27:25.292 [Test worker] INFO org.springframework.boot.test.autoconfigure.web.servlet.WebMvcTestContextBootstrapper - Using TestExecutionListeners: [org.springframework.test.context.web.ServletTestExecutionListener@41ffd085, org.springframework.test.context.support.DirtiesContextBeforeModesTestExecutionListener@435576d5, org.springframework.boot.test.mock.mockito.MockitoTestExecutionListener@588920c9, org.springframework.boot.test.autoconfigure.SpringBootDependencyInjectionTestExecutionListener@4d0d05d1, org.springframework.test.context.support.DirtiesContextTestExecutionListener@72c99f0d, org.springframework.test.context.transaction.TransactionalTestExecutionListener@1ac2ac5f, org.springframework.test.context.jdbc.SqlScriptsTestExecutionListener@bdc58a6, org.springframework.security.test.context.support.WithSecurityContextTestExecutionListener@2e5af781, org.springframework.test.context.event.EventPublishingTestExecutionListener@105524b0, org.springframework.security.test.context.support.ReactorContextTestExecutionListener@1f7ac2b1, org.springframework.boot.test.autoconfigure.restdocs.RestDocsTestExecutionListener@768ab090, org.springframework.boot.test.autoconfigure.web.client.MockRestServiceServerResetTestExecutionListener@f15b73f, org.springframework.boot.test.autoconfigure.web.servlet.MockMvcPrintOnlyOnFailureTestExecutionListener@365c72c9, org.springframework.boot.test.autoconfigure.web.servlet.WebDriverTestExecutionListener@7ffa41f9, org.springframework.boot.test.autoconfigure.webservices.client.MockWebServiceServerTestExecutionListener@5c5770a6, org.springframework.boot.test.mock.mockito.ResetMocksTestExecutionListener@7ed9885c]
15:27:25.295 [Test worker] DEBUG org.springframework.test.context.support.AbstractDirtiesContextTestExecutionListener - Before test class: context [DefaultTestContext@67537226 testClass = HelloControllerTest, testInstance = [null], testMethod = [null], testException = [null], mergedContextConfiguration = [WebMergedContextConfiguration@653f996 testClass = HelloControllerTest, locations = '{}', classes = '{class com.spring.webservice.Application}', contextInitializerClasses = '[]', activeProfiles = '{}', propertySourceLocations = '{}', propertySourceProperties = '{org.springframework.boot.test.autoconfigure.web.servlet.WebMvcTestContextBootstrapper=true}', contextCustomizers = set[org.springframework.boot.test.autoconfigure.OverrideAutoConfigurationContextCustomizerFactory$DisableAutoConfigurationContextCustomizer@2fb89264, org.springframework.boot.test.autoconfigure.actuate.metrics.MetricsExportContextCustomizerFactory$DisableMetricExportContextCustomizer@324b43bf, org.springframework.boot.test.autoconfigure.filter.TypeExcludeFiltersContextCustomizer@9b9dd143, org.springframework.boot.test.autoconfigure.properties.PropertyMappingContextCustomizer@278a5a1, org.springframework.boot.test.autoconfigure.web.servlet.WebDriverContextCustomizerFactory$Customizer@6229883d, [ImportsContextCustomizer@653e3e38 key = [org.springframework.boot.autoconfigure.cache.CacheAutoConfiguration, org.springframework.boot.autoconfigure.context.MessageSourceAutoConfiguration, org.springframework.boot.autoconfigure.data.web.SpringDataWebAutoConfiguration, org.springframework.boot.autoconfigure.freemarker.FreeMarkerAutoConfiguration, org.springframework.boot.autoconfigure.groovy.template.GroovyTemplateAutoConfiguration, org.springframework.boot.autoconfigure.gson.GsonAutoConfiguration, org.springframework.boot.autoconfigure.hateoas.HypermediaAutoConfiguration, org.springframework.boot.autoconfigure.http.HttpMessageConvertersAutoConfiguration, org.springframework.boot.autoconfigure.jackson.JacksonAutoConfiguration, org.springframework.boot.autoconfigure.jsonb.JsonbAutoConfiguration, org.springframework.boot.autoconfigure.mustache.MustacheAutoConfiguration, org.springframework.boot.autoconfigure.task.TaskExecutionAutoConfiguration, org.springframework.boot.autoconfigure.thymeleaf.ThymeleafAutoConfiguration, org.springframework.boot.autoconfigure.validation.ValidationAutoConfiguration, org.springframework.boot.autoconfigure.web.servlet.error.ErrorMvcAutoConfiguration, org.springframework.boot.autoconfigure.web.servlet.HttpEncodingAutoConfiguration, org.springframework.boot.autoconfigure.web.servlet.WebMvcAutoConfiguration, org.springframework.boot.test.autoconfigure.web.servlet.MockMvcAutoConfiguration, org.springframework.boot.test.autoconfigure.web.servlet.MockMvcWebClientAutoConfiguration, org.springframework.boot.test.autoconfigure.web.servlet.MockMvcWebDriverAutoConfiguration, org.springframework.boot.autoconfigure.security.oauth2.client.servlet.OAuth2ClientAutoConfiguration, org.springframework.boot.autoconfigure.security.oauth2.resource.servlet.OAuth2ResourceServerAutoConfiguration, org.springframework.boot.autoconfigure.security.servlet.SecurityAutoConfiguration, org.springframework.boot.autoconfigure.security.servlet.SecurityFilterAutoConfiguration, org.springframework.boot.autoconfigure.security.servlet.UserDetailsServiceAutoConfiguration, org.springframework.boot.test.autoconfigure.web.servlet.MockMvcSecurityConfiguration]], org.springframework.boot.test.context.filter.ExcludeFilterContextCustomizer@1a641d4e, org.springframework.boot.test.json.DuplicateJsonObjectContextCustomizerFactory$DuplicateJsonObjectContextCustomizer@4d8eda0e, org.springframework.boot.test.mock.mockito.MockitoContextCustomizer@0, org.springframework.boot.test.context.SpringBootTestArgs@1, org.springframework.boot.test.context.SpringBootTestWebEnvironment@0], resourceBasePath = 'src/main/webapp', contextLoader = 'org.springframework.boot.test.context.SpringBootContextLoader', parent = [null]], attributes = map[[empty]]], class annotated with @DirtiesContext [false] with mode [null].
15:27:25.304 [Test worker] DEBUG org.springframework.test.context.support.DependencyInjectionTestExecutionListener - Performing dependency injection for test context [[DefaultTestContext@67537226 testClass = HelloControllerTest, testInstance = com.spring.webservice.web.HelloControllerTest@4c890c91, testMethod = [null], testException = [null], mergedContextConfiguration = [WebMergedContextConfiguration@653f996 testClass = HelloControllerTest, locations = '{}', classes = '{class com.spring.webservice.Application}', contextInitializerClasses = '[]', activeProfiles = '{}', propertySourceLocations = '{}', propertySourceProperties = '{org.springframework.boot.test.autoconfigure.web.servlet.WebMvcTestContextBootstrapper=true}', contextCustomizers = set[org.springframework.boot.test.autoconfigure.OverrideAutoConfigurationContextCustomizerFactory$DisableAutoConfigurationContextCustomizer@2fb89264, org.springframework.boot.test.autoconfigure.actuate.metrics.MetricsExportContextCustomizerFactory$DisableMetricExportContextCustomizer@324b43bf, org.springframework.boot.test.autoconfigure.filter.TypeExcludeFiltersContextCustomizer@9b9dd143, org.springframework.boot.test.autoconfigure.properties.PropertyMappingContextCustomizer@278a5a1, org.springframework.boot.test.autoconfigure.web.servlet.WebDriverContextCustomizerFactory$Customizer@6229883d, [ImportsContextCustomizer@653e3e38 key = [org.springframework.boot.autoconfigure.cache.CacheAutoConfiguration, org.springframework.boot.autoconfigure.context.MessageSourceAutoConfiguration, org.springframework.boot.autoconfigure.data.web.SpringDataWebAutoConfiguration, org.springframework.boot.autoconfigure.freemarker.FreeMarkerAutoConfiguration, org.springframework.boot.autoconfigure.groovy.template.GroovyTemplateAutoConfiguration, org.springframework.boot.autoconfigure.gson.GsonAutoConfiguration, org.springframework.boot.autoconfigure.hateoas.HypermediaAutoConfiguration, org.springframework.boot.autoconfigure.http.HttpMessageConvertersAutoConfiguration, org.springframework.boot.autoconfigure.jackson.JacksonAutoConfiguration, org.springframework.boot.autoconfigure.jsonb.JsonbAutoConfiguration, org.springframework.boot.autoconfigure.mustache.MustacheAutoConfiguration, org.springframework.boot.autoconfigure.task.TaskExecutionAutoConfiguration, org.springframework.boot.autoconfigure.thymeleaf.ThymeleafAutoConfiguration, org.springframework.boot.autoconfigure.validation.ValidationAutoConfiguration, org.springframework.boot.autoconfigure.web.servlet.error.ErrorMvcAutoConfiguration, org.springframework.boot.autoconfigure.web.servlet.HttpEncodingAutoConfiguration, org.springframework.boot.autoconfigure.web.servlet.WebMvcAutoConfiguration, org.springframework.boot.test.autoconfigure.web.servlet.MockMvcAutoConfiguration, org.springframework.boot.test.autoconfigure.web.servlet.MockMvcWebClientAutoConfiguration, org.springframework.boot.test.autoconfigure.web.servlet.MockMvcWebDriverAutoConfiguration, org.springframework.boot.autoconfigure.security.oauth2.client.servlet.OAuth2ClientAutoConfiguration, org.springframework.boot.autoconfigure.security.oauth2.resource.servlet.OAuth2ResourceServerAutoConfiguration, org.springframework.boot.autoconfigure.security.servlet.SecurityAutoConfiguration, org.springframework.boot.autoconfigure.security.servlet.SecurityFilterAutoConfiguration, org.springframework.boot.autoconfigure.security.servlet.UserDetailsServiceAutoConfiguration, org.springframework.boot.test.autoconfigure.web.servlet.MockMvcSecurityConfiguration]], org.springframework.boot.test.context.filter.ExcludeFilterContextCustomizer@1a641d4e, org.springframework.boot.test.json.DuplicateJsonObjectContextCustomizerFactory$DuplicateJsonObjectContextCustomizer@4d8eda0e, org.springframework.boot.test.mock.mockito.MockitoContextCustomizer@0, org.springframework.boot.test.context.SpringBootTestArgs@1, org.springframework.boot.test.context.SpringBootTestWebEnvironment@0], resourceBasePath = 'src/main/webapp', contextLoader = 'org.springframework.boot.test.context.SpringBootContextLoader', parent = [null]], attributes = map[[empty]]]].
15:27:25.323 [Test worker] DEBUG org.springframework.test.context.support.TestPropertySourceUtils - Adding inlined properties to environment: {spring.jmx.enabled=false, org.springframework.boot.test.autoconfigure.web.servlet.WebMvcTestContextBootstrapper=true}

  .   ____          _            __ _ _
 /\\ / ___'_ __ _ _(_)_ __  __ _ \ \ \ \
( ( )\___ | '_ | '_| | '_ \/ _` | \ \ \ \
 \\/  ___)| |_)| | | | | || (_| |  ) ) ) )
  '  |____| .__|_| |_|_| |_\__, | / / / /
 =========|_|==============|___/=/_/_/_/
 :: Spring Boot ::                (v2.4.1)

2022-02-23 15:27:30.598  INFO 22087 --- [    Test worker] c.s.webservice.web.HelloControllerTest   : Starting HelloControllerTest using Java 11.0.11 on iron-pc.local with PID 22087 (started by kakao in /Users/kakao/Desktop/study-spring/webservice)
2022-02-23 15:27:30.599  INFO 22087 --- [    Test worker] c.s.webservice.web.HelloControllerTest   : No active profile set, falling back to default profiles: default
2022-02-23 15:27:31.504  INFO 22087 --- [    Test worker] o.s.s.concurrent.ThreadPoolTaskExecutor  : Initializing ExecutorService 'applicationTaskExecutor'
2022-02-23 15:27:31.590  INFO 22087 --- [    Test worker] o.s.b.a.w.s.WelcomePageHandlerMapping    : Adding welcome page template: index
2022-02-23 15:27:31.938  INFO 22087 --- [    Test worker] o.s.s.web.DefaultSecurityFilterChain     : Will secure any request with [org.springframework.security.web.context.request.async.WebAsyncManagerIntegrationFilter@39cd9fb0, org.springframework.security.web.context.SecurityContextPersistenceFilter@1c9502d7, org.springframework.security.web.header.HeaderWriterFilter@112d7ff9, org.springframework.security.web.csrf.CsrfFilter@5a3c5bd7, org.springframework.security.web.authentication.logout.LogoutFilter@3bf88f05, org.springframework.security.oauth2.client.web.OAuth2AuthorizationRequestRedirectFilter@65866200, org.springframework.security.oauth2.client.web.OAuth2AuthorizationRequestRedirectFilter@29653c9b, org.springframework.security.oauth2.client.web.OAuth2LoginAuthenticationFilter@268c9621, org.springframework.security.web.authentication.ui.DefaultLoginPageGeneratingFilter@52e5568f, org.springframework.security.web.authentication.ui.DefaultLogoutPageGeneratingFilter@38f5e0f7, org.springframework.security.web.savedrequest.RequestCacheAwareFilter@6550a78b, org.springframework.security.web.servletapi.SecurityContextHolderAwareRequestFilter@5e6cb700, org.springframework.security.web.authentication.AnonymousAuthenticationFilter@75826e7, org.springframework.security.oauth2.client.web.OAuth2AuthorizationCodeGrantFilter@5e4d457b, org.springframework.security.web.session.SessionManagementFilter@18560cd9, org.springframework.security.web.access.ExceptionTranslationFilter@7a91a277, org.springframework.security.web.access.intercept.FilterSecurityInterceptor@19d41058]
2022-02-23 15:27:32.027  INFO 22087 --- [    Test worker] o.s.b.t.m.w.SpringBootMockServletContext : Initializing Spring TestDispatcherServlet ''
2022-02-23 15:27:32.028  INFO 22087 --- [    Test worker] o.s.t.web.servlet.TestDispatcherServlet  : Initializing Servlet ''
2022-02-23 15:27:32.029  INFO 22087 --- [    Test worker] o.s.t.web.servlet.TestDispatcherServlet  : Completed initialization in 1 ms
2022-02-23 15:27:32.053  INFO 22087 --- [    Test worker] c.s.webservice.web.HelloControllerTest   : Started HelloControllerTest in 6.724 seconds (JVM running for 7.572)
]]></system-out>
  <system-err><![CDATA[]]></system-err>
</testsuite>
